<?xml version="1.0" encoding="UTF-8"?>
<!-- Generated by org.testng.reporters.JUnitXMLReporter -->
<testsuite ignored="2" hostname="DESKTOP-0PLJKRS" failures="0" tests="1" name="Default test" time="2.064" errors="0" timestamp="2022-11-03T18:42:54 IST">
  <testcase classname="TestNGDistributedBrowser.ParallelMethods" name="runtest3" time="1.988"/>
  <testcase classname="TestNGDistributedBrowser.ParallelMethods" name="runtest1" time="0.0">
    <ignored/>
  </testcase> <!-- runtest1 -->
  <testcase classname="TestNGDistributedBrowser.ParallelMethods" name="runtest2" time="0.0">
    <ignored/>
  </testcase> <!-- runtest2 -->
</testsuite> <!-- Default test -->
