<?xml version="1.0" encoding="UTF-8"?>
<!-- Generated by org.testng.reporters.JUnitXMLReporter -->
<testsuite ignored="0" hostname="DESKTOP-0PLJKRS" failures="0" tests="3" name="Test" time="21.059" errors="0" timestamp="2022-11-07T11:48:11 IST">
  <testcase classname="TestNGDistributedBrowser.Parallel3" name="Method3" time="8.557"/>
  <testcase classname="TestNGDistributedBrowser.Parallel2" name="Method2" time="5.707"/>
  <testcase classname="TestNGDistributedBrowser.Parallel1" name="Method1" time="6.721"/>
</testsuite> <!-- Test -->
